Tensor("input_1:0", shape=(?, 32, 32, 3), dtype=float32)
(?, 16, 16, 64)
(?, 18, 18, 64)
(?, 8, 8, 64)
Tensor("conv_2/Relu:0", shape=(?, 8, 8, 192), dtype=float32)
compiled: FeatureExtractor
Model: "FeatureExtractor"
__________________________________________________________________________________________________
Layer (type)                    Output Shape         Param #     Connected to                     
==================================================================================================
input_1 (InputLayer)            (None, 32, 32, 3)    0                                            
__________________________________________________________________________________________________
zero_padding2d_1 (ZeroPadding2D (None, 38, 38, 3)    0           input_1[0][0]                    
__________________________________________________________________________________________________
conv_1_7x7_s2 (Conv2D)          (None, 16, 16, 64)   9472        zero_padding2d_1[0][0]           
__________________________________________________________________________________________________
zero_padding2d_2 (ZeroPadding2D (None, 18, 18, 64)   0           conv_1_7x7_s2[0][0]              
__________________________________________________________________________________________________
pool_1_3x3_s2 (MaxPooling2D)    (None, 8, 8, 64)     0           zero_padding2d_2[0][0]           
__________________________________________________________________________________________________
pool_1_norm (LRN)               (None, 8, 8, 64)     0           pool_1_3x3_s2[0][0]              
__________________________________________________________________________________________________
conv_2_reduce (Conv2D)          (None, 8, 8, 64)     4160        pool_1_norm[0][0]                
__________________________________________________________________________________________________
conv_2 (Conv2D)                 (None, 8, 8, 192)    110784      conv_2_reduce[0][0]              
__________________________________________________________________________________________________
conv_2_norm (LRN)               (None, 8, 8, 192)    0           conv_2[0][0]                     
__________________________________________________________________________________________________
zero_padding2d_3 (ZeroPadding2D (None, 10, 10, 192)  0           conv_2_norm[0][0]                
__________________________________________________________________________________________________
pool_2 (MaxPooling2D)           (None, 4, 4, 192)    0           zero_padding2d_3[0][0]           
__________________________________________________________________________________________________
inception_3a_3x3_reduce (Conv2D (None, 4, 4, 96)     18528       pool_2[0][0]                     
__________________________________________________________________________________________________
inception_3a_5x5_reduce (Conv2D (None, 4, 4, 16)     3088        pool_2[0][0]                     
__________________________________________________________________________________________________
zero_padding2d_4 (ZeroPadding2D (None, 6, 6, 96)     0           inception_3a_3x3_reduce[0][0]    
__________________________________________________________________________________________________
zero_padding2d_5 (ZeroPadding2D (None, 8, 8, 16)     0           inception_3a_5x5_reduce[0][0]    
__________________________________________________________________________________________________
inception_3a_pool (MaxPooling2D (None, 4, 4, 192)    0           pool_2[0][0]                     
__________________________________________________________________________________________________
inception_3a_1x1 (Conv2D)       (None, 4, 4, 64)     12352       pool_2[0][0]                     
__________________________________________________________________________________________________
inception_3a_3x3 (Conv2D)       (None, 4, 4, 128)    110720      zero_padding2d_4[0][0]           
__________________________________________________________________________________________________
inception_3a_5x5 (Conv2D)       (None, 4, 4, 32)     12832       zero_padding2d_5[0][0]           
__________________________________________________________________________________________________
inception_3a_pool_proj (Conv2D) (None, 4, 4, 32)     6176        inception_3a_pool[0][0]          
__________________________________________________________________________________________________
inception_3a_output (Concatenat (None, 4, 4, 256)    0           inception_3a_1x1[0][0]           
                                                                 inception_3a_3x3[0][0]           
                                                                 inception_3a_5x5[0][0]           
                                                                 inception_3a_pool_proj[0][0]     
__________________________________________________________________________________________________
inception_3b_3x3_reduce (Conv2D (None, 4, 4, 128)    32896       inception_3a_output[0][0]        
__________________________________________________________________________________________________
inception_3b_5x5_reduce (Conv2D (None, 4, 4, 32)     8224        inception_3a_output[0][0]        
__________________________________________________________________________________________________
zero_padding2d_6 (ZeroPadding2D (None, 6, 6, 128)    0           inception_3b_3x3_reduce[0][0]    
__________________________________________________________________________________________________
zero_padding2d_7 (ZeroPadding2D (None, 8, 8, 32)     0           inception_3b_5x5_reduce[0][0]    
__________________________________________________________________________________________________
inception_3b_pool (MaxPooling2D (None, 4, 4, 256)    0           inception_3a_output[0][0]        
__________________________________________________________________________________________________
inception_3b_1x1 (Conv2D)       (None, 4, 4, 128)    32896       inception_3a_output[0][0]        
__________________________________________________________________________________________________
inception_3b_3x3 (Conv2D)       (None, 4, 4, 192)    221376      zero_padding2d_6[0][0]           
__________________________________________________________________________________________________
inception_3b_5x5 (Conv2D)       (None, 4, 4, 96)     76896       zero_padding2d_7[0][0]           
__________________________________________________________________________________________________
inception_3b_pool_proj (Conv2D) (None, 4, 4, 64)     16448       inception_3b_pool[0][0]          
__________________________________________________________________________________________________
inception_3b_output (Concatenat (None, 4, 4, 480)    0           inception_3b_1x1[0][0]           
                                                                 inception_3b_3x3[0][0]           
                                                                 inception_3b_5x5[0][0]           
                                                                 inception_3b_pool_proj[0][0]     
__________________________________________________________________________________________________
zero_padding2d_8 (ZeroPadding2D (None, 6, 6, 480)    0           inception_3b_output[0][0]        
__________________________________________________________________________________________________
pool3_3x3 (MaxPooling2D)        (None, 2, 2, 480)    0           zero_padding2d_8[0][0]           
__________________________________________________________________________________________________
inception_4a_3x3_reduce (Conv2D (None, 2, 2, 96)     46176       pool3_3x3[0][0]                  
__________________________________________________________________________________________________
inception_4a_5x5_reduce (Conv2D (None, 2, 2, 16)     7696        pool3_3x3[0][0]                  
__________________________________________________________________________________________________
zero_padding2d_9 (ZeroPadding2D (None, 4, 4, 96)     0           inception_4a_3x3_reduce[0][0]    
__________________________________________________________________________________________________
zero_padding2d_10 (ZeroPadding2 (None, 6, 6, 16)     0           inception_4a_5x5_reduce[0][0]    
__________________________________________________________________________________________________
inception_4a_pool (MaxPooling2D (None, 2, 2, 480)    0           pool3_3x3[0][0]                  
__________________________________________________________________________________________________
inception_4a_1x1 (Conv2D)       (None, 2, 2, 192)    92352       pool3_3x3[0][0]                  
__________________________________________________________________________________________________
inception_4a_3x3 (Conv2D)       (None, 2, 2, 208)    179920      zero_padding2d_9[0][0]           
__________________________________________________________________________________________________
inception_4a_5x5 (Conv2D)       (None, 2, 2, 48)     19248       zero_padding2d_10[0][0]          
__________________________________________________________________________________________________
inception_4a_pool_proj (Conv2D) (None, 2, 2, 64)     30784       inception_4a_pool[0][0]          
__________________________________________________________________________________________________
inception_4a_output (Concatenat (None, 2, 2, 512)    0           inception_4a_1x1[0][0]           
                                                                 inception_4a_3x3[0][0]           
                                                                 inception_4a_5x5[0][0]           
                                                                 inception_4a_pool_proj[0][0]     
__________________________________________________________________________________________________
loss1_ave_pool (AveragePooling2 (None, 1, 1, 512)    0           inception_4a_output[0][0]        
__________________________________________________________________________________________________
loss1_conv (Conv2D)             (None, 1, 1, 128)    65664       loss1_ave_pool[0][0]             
__________________________________________________________________________________________________
flatten_1 (Flatten)             (None, 128)          0           loss1_conv[0][0]                 
__________________________________________________________________________________________________
loss1_fc (Dense)                (None, 1024)         132096      flatten_1[0][0]                  
__________________________________________________________________________________________________
dropout_1 (Dropout)             (None, 1024)         0           loss1_fc[0][0]                   
__________________________________________________________________________________________________
loss1_classifier (Dense)        (None, 10)           10250       dropout_1[0][0]                  
__________________________________________________________________________________________________
activation_1 (Activation)       (None, 10)           0           loss1_classifier[0][0]           
==================================================================================================
Total params: 1,261,034
Trainable params: 1,261,034
Non-trainable params: 0
__________________________________________________________________________________________________
Train on 51279 samples, validate on 21978 samples
Epoch 1/1000
 - 29s - loss: 0.6269 - accuracy: 0.8914 - categorical_crossentropy: 0.4368 - val_loss: 0.6486 - val_accuracy: 0.8856 - val_categorical_crossentropy: 0.4586
Epoch 2/1000
 - 14s - loss: 0.2713 - accuracy: 0.9761 - categorical_crossentropy: 0.0814 - val_loss: 0.6883 - val_accuracy: 0.8910 - val_categorical_crossentropy: 0.4986
Epoch 3/1000
 - 14s - loss: 0.2367 - accuracy: 0.9867 - categorical_crossentropy: 0.0471 - val_loss: 0.6906 - val_accuracy: 0.8986 - val_categorical_crossentropy: 0.5012
Epoch 4/1000
 - 14s - loss: 0.2084 - accuracy: 0.9964 - categorical_crossentropy: 0.0192 - val_loss: 0.7148 - val_accuracy: 0.8969 - val_categorical_crossentropy: 0.5258
Epoch 5/1000
 - 14s - loss: 0.2034 - accuracy: 0.9975 - categorical_crossentropy: 0.0146 - val_loss: 0.7292 - val_accuracy: 0.8980 - val_categorical_crossentropy: 0.5406
Epoch 6/1000
 - 14s - loss: 0.2012 - accuracy: 0.9978 - categorical_crossentropy: 0.0127 - val_loss: 0.7502 - val_accuracy: 0.8979 - val_categorical_crossentropy: 0.5620
Epoch 7/1000
 - 14s - loss: 0.1998 - accuracy: 0.9980 - categorical_crossentropy: 0.0118 - val_loss: 0.7636 - val_accuracy: 0.8959 - val_categorical_crossentropy: 0.5759
Epoch 8/1000
 - 14s - loss: 0.1990 - accuracy: 0.9981 - categorical_crossentropy: 0.0115 - val_loss: 0.7671 - val_accuracy: 0.8970 - val_categorical_crossentropy: 0.5798
Epoch 9/1000
 - 14s - loss: 0.1971 - accuracy: 0.9984 - categorical_crossentropy: 0.0100 - val_loss: 0.7754 - val_accuracy: 0.8974 - val_categorical_crossentropy: 0.5887
Epoch 10/1000
 - 14s - loss: 0.1956 - accuracy: 0.9985 - categorical_crossentropy: 0.0090 - val_loss: 0.7575 - val_accuracy: 0.8940 - val_categorical_crossentropy: 0.5713
Epoch 11/1000
 - 14s - loss: 0.1964 - accuracy: 0.9985 - categorical_crossentropy: 0.0103 - val_loss: 0.7846 - val_accuracy: 0.8967 - val_categorical_crossentropy: 0.5988
Epoch 12/1000
 - 14s - loss: 0.1934 - accuracy: 0.9988 - categorical_crossentropy: 0.0078 - val_loss: 0.7926 - val_accuracy: 0.8952 - val_categorical_crossentropy: 0.6074
Epoch 13/1000
 - 14s - loss: 0.4237 - accuracy: 0.9406 - categorical_crossentropy: 0.2386 - val_loss: 0.8725 - val_accuracy: 0.8283 - val_categorical_crossentropy: 0.6874
Epoch 14/1000
 - 14s - loss: 0.6624 - accuracy: 0.8638 - categorical_crossentropy: 0.4774 - val_loss: 0.6391 - val_accuracy: 0.8773 - val_categorical_crossentropy: 0.4543
Epoch 15/1000
 - 14s - loss: 0.2605 - accuracy: 0.9783 - categorical_crossentropy: 0.0758 - val_loss: 0.6590 - val_accuracy: 0.8961 - val_categorical_crossentropy: 0.4744
Epoch 16/1000
 - 14s - loss: 0.2068 - accuracy: 0.9961 - categorical_crossentropy: 0.0223 - val_loss: 0.6900 - val_accuracy: 0.8984 - val_categorical_crossentropy: 0.5057
Epoch 17/1000
 - 14s - loss: 0.1987 - accuracy: 0.9979 - categorical_crossentropy: 0.0145 - val_loss: 0.7115 - val_accuracy: 0.8965 - val_categorical_crossentropy: 0.5276
Epoch 18/1000
 - 14s - loss: 0.1953 - accuracy: 0.9984 - categorical_crossentropy: 0.0115 - val_loss: 0.7305 - val_accuracy: 0.8975 - val_categorical_crossentropy: 0.5469
Epoch 19/1000
 - 14s - loss: 0.1933 - accuracy: 0.9986 - categorical_crossentropy: 0.0099 - val_loss: 0.7382 - val_accuracy: 0.8966 - val_categorical_crossentropy: 0.5551
Epoch 20/1000
 - 14s - loss: 0.1917 - accuracy: 0.9988 - categorical_crossentropy: 0.0087 - val_loss: 0.7539 - val_accuracy: 0.8963 - val_categorical_crossentropy: 0.5712
Epoch 21/1000
 - 14s - loss: 0.1904 - accuracy: 0.9991 - categorical_crossentropy: 0.0079 - val_loss: 0.7643 - val_accuracy: 0.8964 - val_categorical_crossentropy: 0.5820
Epoch 22/1000
 - 14s - loss: 0.1893 - accuracy: 0.9990 - categorical_crossentropy: 0.0072 - val_loss: 0.7719 - val_accuracy: 0.8974 - val_categorical_crossentropy: 0.5900
Epoch 23/1000
 - 14s - loss: 0.1881 - accuracy: 0.9992 - categorical_crossentropy: 0.0064 - val_loss: 0.7734 - val_accuracy: 0.8983 - val_categorical_crossentropy: 0.5921
Epoch 24/1000
 - 14s - loss: 0.1876 - accuracy: 0.9992 - categorical_crossentropy: 0.0064 - val_loss: 0.7820 - val_accuracy: 0.8967 - val_categorical_crossentropy: 0.6012
Epoch 25/1000
 - 14s - loss: 0.1864 - accuracy: 0.9993 - categorical_crossentropy: 0.0057 - val_loss: 0.8081 - val_accuracy: 0.8959 - val_categorical_crossentropy: 0.6277
Epoch 26/1000
 - 14s - loss: 0.1853 - accuracy: 0.9993 - categorical_crossentropy: 0.0051 - val_loss: 0.8014 - val_accuracy: 0.8969 - val_categorical_crossentropy: 0.6215
Epoch 27/1000
 - 14s - loss: 0.1844 - accuracy: 0.9994 - categorical_crossentropy: 0.0047 - val_loss: 0.8025 - val_accuracy: 0.8961 - val_categorical_crossentropy: 0.6231
Epoch 28/1000
 - 14s - loss: 0.1839 - accuracy: 0.9995 - categorical_crossentropy: 0.0047 - val_loss: 0.8264 - val_accuracy: 0.8931 - val_categorical_crossentropy: 0.6475
Epoch 29/1000
 - 14s - loss: 0.5024 - accuracy: 0.9152 - categorical_crossentropy: 0.3237 - val_loss: 0.6805 - val_accuracy: 0.8651 - val_categorical_crossentropy: 0.5019
Epoch 30/1000
 - 14s - loss: 0.3847 - accuracy: 0.9352 - categorical_crossentropy: 0.2062 - val_loss: 0.7161 - val_accuracy: 0.8713 - val_categorical_crossentropy: 0.5377
Epoch 31/1000
 - 14s - loss: 0.2875 - accuracy: 0.9654 - categorical_crossentropy: 0.1091 - val_loss: 0.6740 - val_accuracy: 0.8968 - val_categorical_crossentropy: 0.4958
Epoch 32/1000
 - 14s - loss: 0.1912 - accuracy: 0.9981 - categorical_crossentropy: 0.0131 - val_loss: 0.7125 - val_accuracy: 0.8975 - val_categorical_crossentropy: 0.5346
Epoch 33/1000
 - 14s - loss: 0.1864 - accuracy: 0.9991 - categorical_crossentropy: 0.0087 - val_loss: 0.7402 - val_accuracy: 0.8985 - val_categorical_crossentropy: 0.5627
Epoch 34/1000
 - 14s - loss: 0.1842 - accuracy: 0.9992 - categorical_crossentropy: 0.0068 - val_loss: 0.7499 - val_accuracy: 0.8965 - val_categorical_crossentropy: 0.5728
Epoch 35/1000
 - 14s - loss: 0.1828 - accuracy: 0.9994 - categorical_crossentropy: 0.0059 - val_loss: 0.7558 - val_accuracy: 0.8985 - val_categorical_crossentropy: 0.5791
Epoch 36/1000
 - 14s - loss: 0.1817 - accuracy: 0.9995 - categorical_crossentropy: 0.0052 - val_loss: 0.7750 - val_accuracy: 0.8969 - val_categorical_crossentropy: 0.5987
Epoch 37/1000
 - 14s - loss: 0.1808 - accuracy: 0.9996 - categorical_crossentropy: 0.0047 - val_loss: 0.7862 - val_accuracy: 0.8965 - val_categorical_crossentropy: 0.6105
Epoch 38/1000
 - 14s - loss: 0.1800 - accuracy: 0.9996 - categorical_crossentropy: 0.0044 - val_loss: 0.7916 - val_accuracy: 0.8972 - val_categorical_crossentropy: 0.6163
Epoch 39/1000
 - 14s - loss: 0.1791 - accuracy: 0.9996 - categorical_crossentropy: 0.0039 - val_loss: 0.7957 - val_accuracy: 0.8973 - val_categorical_crossentropy: 0.6208
Epoch 40/1000
 - 14s - loss: 0.1782 - accuracy: 0.9997 - categorical_crossentropy: 0.0035 - val_loss: 0.8066 - val_accuracy: 0.8966 - val_categorical_crossentropy: 0.6322
Epoch 41/1000
 - 14s - loss: 0.1775 - accuracy: 0.9996 - categorical_crossentropy: 0.0033 - val_loss: 0.8069 - val_accuracy: 0.8973 - val_categorical_crossentropy: 0.6331
Epoch 42/1000
 - 14s - loss: 0.1769 - accuracy: 0.9997 - categorical_crossentropy: 0.0032 - val_loss: 0.8174 - val_accuracy: 0.8975 - val_categorical_crossentropy: 0.6441
Epoch 43/1000
 - 14s - loss: 0.1761 - accuracy: 0.9997 - categorical_crossentropy: 0.0030 - val_loss: 0.8175 - val_accuracy: 0.8963 - val_categorical_crossentropy: 0.6447
Epoch 44/1000
 - 14s - loss: 0.1753 - accuracy: 0.9998 - categorical_crossentropy: 0.0027 - val_loss: 0.8143 - val_accuracy: 0.8971 - val_categorical_crossentropy: 0.6421
Epoch 45/1000
 - 14s - loss: 0.1746 - accuracy: 0.9997 - categorical_crossentropy: 0.0026 - val_loss: 0.8335 - val_accuracy: 0.8973 - val_categorical_crossentropy: 0.6618
Epoch 46/1000
 - 14s - loss: 0.1738 - accuracy: 0.9998 - categorical_crossentropy: 0.0023 - val_loss: 0.8363 - val_accuracy: 0.8956 - val_categorical_crossentropy: 0.6652
Epoch 47/1000
 - 14s - loss: 0.2535 - accuracy: 0.9798 - categorical_crossentropy: 0.0826 - val_loss: 0.8464 - val_accuracy: 0.8089 - val_categorical_crossentropy: 0.6756
Epoch 48/1000
 - 14s - loss: 0.5181 - accuracy: 0.8950 - categorical_crossentropy: 0.3474 - val_loss: 0.6865 - val_accuracy: 0.8734 - val_categorical_crossentropy: 0.5158
Epoch 49/1000
 - 14s - loss: 0.3158 - accuracy: 0.9550 - categorical_crossentropy: 0.1452 - val_loss: 0.6857 - val_accuracy: 0.8897 - val_categorical_crossentropy: 0.5152
Epoch 50/1000
 - 14s - loss: 0.1927 - accuracy: 0.9947 - categorical_crossentropy: 0.0224 - val_loss: 0.7079 - val_accuracy: 0.8978 - val_categorical_crossentropy: 0.5377
Epoch 51/1000
 - 14s - loss: 0.1772 - accuracy: 0.9994 - categorical_crossentropy: 0.0071 - val_loss: 0.7403 - val_accuracy: 0.8965 - val_categorical_crossentropy: 0.5705
Epoch 52/1000
 - 14s - loss: 0.1747 - accuracy: 0.9997 - categorical_crossentropy: 0.0050 - val_loss: 0.7592 - val_accuracy: 0.8977 - val_categorical_crossentropy: 0.5898
Epoch 53/1000
 - 14s - loss: 0.1734 - accuracy: 0.9997 - categorical_crossentropy: 0.0041 - val_loss: 0.7681 - val_accuracy: 0.8969 - val_categorical_crossentropy: 0.5991
Restoring model weights from the end of the best epoch
Epoch 00053: early stopping
